C51 COMPILER V9.54   DELAY                                                                 12/08/2021 14:10:26 PAGE 1   


C51 COMPILER V9.54, COMPILATION OF MODULE DELAY
OBJECT MODULE PLACED IN ..\out\delay.obj
COMPILER INVOKED BY: D:\arm\mdk5\C51\BIN\C51.EXE ..\source\delay.c LARGE OPTIMIZE(8,SPEED) BROWSE DEBUG OBJECTEXTEND PRI
                    -NT(.\delay.lst) OBJECT(..\out\delay.obj)

line level    source

   1          #include"config.h"
   2          #include"delay.h"
   3          void nop();
   4          void delay(uint z);
   5          void Delay_ms(int ms);
   6          void delay_ns(unsigned int ns);
   7          
   8            void delay(uint z)
   9          {
  10   1              uint x,y;
  11   1              for(x = z; x > 0; x--)
  12   1                      for(y = 114; y > 0 ; y--);              
  13   1      } 
  14          
  15            void nop()
  16          {
  17   1              _nop_();
  18   1              _nop_();
  19   1      }
  20          
  21          void Delay_ms(int ms)    //ÑÓÊ±xms
  22          {
  23   1          unsigned int i,j;
  24   1              for(i=ms;i>0;i--)
  25   1                 for(j=220;j>0;j--);
  26   1      }
  27          
  28          void delay_ns(unsigned int ns)
  29          {
  30   1              unsigned int i;
  31   1              for(i=0;i<ns;i++)
  32   1              {
  33   2                      nop();
  34   2                      nop();
  35   2                      nop();
  36   2              }
  37   1      }
  38          
  39          void beep(void)
  40          {
  41   1          alarm=0;
  42   1          delay(150);
  43   1          alarm=1;
  44   1      }


MODULE INFORMATION:   STATIC OVERLAYABLE
   CODE SIZE        =    102    ----
   CONSTANT SIZE    =   ----    ----
   XDATA SIZE       =   ----    ----
   PDATA SIZE       =   ----    ----
   DATA SIZE        =   ----    ----
   IDATA SIZE       =   ----    ----
   BIT SIZE         =   ----    ----
C51 COMPILER V9.54   DELAY                                                                 12/08/2021 14:10:26 PAGE 2   

END OF MODULE INFORMATION.


C51 COMPILATION COMPLETE.  0 WARNING(S),  0 ERROR(S)
